2022-09-21 14:01:00,771 - root - INFO - ************* Test_005 *************
2022-09-21 14:01:00,771 - root - INFO - ************* Test_005 *************
2022-09-21 14:01:00,771 - root - INFO - ************* Verifying Complete Shopping functionality *************
2022-09-21 14:01:00,771 - root - INFO - ************* Verifying Complete Shopping functionality *************
2022-09-21 14:02:08,253 - root - INFO - ************* Shopping test 005 is PASSED *************
2022-09-21 14:02:08,253 - root - INFO - ************* Shopping test 005 is PASSED *************
2022-09-21 14:02:08,254 - root - INFO - - - - - - - - - - -
2022-09-21 14:02:08,254 - root - INFO - - - - - - - - - - -
2022-09-21 14:11:12,850 - root - INFO - ************* Test_002 *************
2022-09-21 14:11:12,850 - root - INFO - ************* Verifying SignUp *************
2022-09-21 14:11:45,537 - root - INFO - ************* Test_002 *************
2022-09-21 14:11:45,537 - root - INFO - ************* Verifying SignUp *************
2022-09-21 14:25:07,406 - root - INFO - ************* Test_003 *************
2022-09-21 14:25:07,406 - root - INFO - ************* Test_003 *************
2022-09-21 14:25:07,406 - root - INFO - ************* Verifying SignIn *************
2022-09-21 14:25:07,406 - root - INFO - ************* Verifying SignIn *************
2022-09-21 14:25:45,987 - root - INFO - ************* Test_002 *************
2022-09-21 14:25:45,987 - root - INFO - ************* Verifying SignUp *************
2022-09-21 14:26:11,894 - root - INFO - ************* Sign up test is PASSED *************
2022-09-21 14:26:11,894 - root - INFO - - - - - - - - - - -
2022-09-21 14:26:20,799 - root - INFO - ************* Test_003 *************
2022-09-21 14:26:20,799 - root - INFO - ************* Test_003 *************
2022-09-21 14:26:20,799 - root - INFO - ************* Verifying SignIn *************
2022-09-21 14:26:20,799 - root - INFO - ************* Verifying SignIn *************
2022-09-21 14:26:49,002 - root - INFO - ************* Test_003 *************
2022-09-21 14:26:49,002 - root - INFO - ************* Test_003 *************
2022-09-21 14:26:49,002 - root - INFO - ************* Verifying SignIn *************
2022-09-21 14:26:49,002 - root - INFO - ************* Verifying SignIn *************
2022-09-21 14:35:01,661 - root - INFO - ************* Test_003 *************
2022-09-21 14:35:01,661 - root - INFO - ************* Test_003 *************
2022-09-21 14:35:01,661 - root - INFO - ************* Verifying SignIn *************
2022-09-21 14:35:01,661 - root - INFO - ************* Verifying SignIn *************
2022-09-21 14:37:50,353 - root - INFO - ************* Test_003 *************
2022-09-21 14:37:50,353 - root - INFO - ************* Test_003 *************
2022-09-21 14:37:50,353 - root - INFO - ************* Verifying SignIn *************
2022-09-21 14:37:50,353 - root - INFO - ************* Verifying SignIn *************
2022-09-21 14:41:19,504 - root - INFO - ************* Test_003 *************
2022-09-21 14:41:19,504 - root - INFO - ************* Test_003 *************
2022-09-21 14:41:19,504 - root - INFO - ************* Verifying SignIn *************
2022-09-21 14:41:19,504 - root - INFO - ************* Verifying SignIn *************
2022-09-21 14:41:41,262 - root - INFO - ************* Sign In test is PASSED *************
2022-09-21 14:41:41,262 - root - INFO - ************* Sign In test is PASSED *************
2022-09-21 14:41:41,262 - root - INFO - - - - - - - - - - -
2022-09-21 14:41:41,262 - root - INFO - - - - - - - - - - -
2022-09-21 19:50:52,258 - root - INFO - ************* Test_002 *************
2022-09-21 19:50:52,258 - root - INFO - ************* Verifying SignUp *************
2022-09-21 19:51:52,853 - root - INFO - ************* Test_002 *************
2022-09-21 19:51:52,853 - root - INFO - ************* Verifying SignUp *************
2022-09-21 19:52:20,208 - root - INFO - ************* Sign up test is PASSED *************
2022-09-21 19:52:20,208 - root - INFO - - - - - - - - - - -
2022-09-21 20:24:12,845 - root - INFO - ************* Test_005 *************
2022-09-21 20:24:12,845 - root - INFO - ************* Test_005 *************
2022-09-21 20:24:12,845 - root - INFO - ************* Verifying Complete Shopping functionality *************
2022-09-21 20:24:12,845 - root - INFO - ************* Verifying Complete Shopping functionality *************
2022-09-21 20:24:53,103 - root - INFO - ************* Test_005 *************
2022-09-21 20:24:53,103 - root - INFO - ************* Test_005 *************
2022-09-21 20:24:53,103 - root - INFO - ************* Verifying Complete Shopping functionality *************
2022-09-21 20:24:53,103 - root - INFO - ************* Verifying Complete Shopping functionality *************
2022-09-21 20:48:57,332 - root - INFO - ************* Test_006 *************
2022-09-21 20:48:57,332 - root - INFO - ************* Test_006 *************
2022-09-21 20:48:57,332 - root - INFO - ************* Test_006 *************
2022-09-21 20:48:57,332 - root - INFO - ************* Verifying Logout *************
2022-09-21 20:48:57,332 - root - INFO - ************* Verifying Logout *************
2022-09-21 20:48:57,332 - root - INFO - ************* Verifying Logout *************
2022-09-21 20:51:29,611 - root - INFO - ************* Test_006 *************
2022-09-21 20:51:29,611 - root - INFO - ************* Test_006 *************
2022-09-21 20:51:29,611 - root - INFO - ************* Test_006 *************
2022-09-21 20:51:29,611 - root - INFO - ************* Verifying Logout *************
2022-09-21 20:51:29,611 - root - INFO - ************* Verifying Logout *************
2022-09-21 20:51:29,611 - root - INFO - ************* Verifying Logout *************
2022-09-21 20:56:52,382 - root - INFO - ************* Test_006 *************
2022-09-21 20:56:52,382 - root - INFO - ************* Test_006 *************
2022-09-21 20:56:52,382 - root - INFO - ************* Test_006 *************
2022-09-21 20:56:52,382 - root - INFO - ************* Verifying Logout *************
2022-09-21 20:56:52,382 - root - INFO - ************* Verifying Logout *************
2022-09-21 20:56:52,382 - root - INFO - ************* Verifying Logout *************
2022-09-21 20:58:19,520 - root - INFO - ************* Test_006 *************
2022-09-21 20:58:19,520 - root - INFO - ************* Test_006 *************
2022-09-21 20:58:19,520 - root - INFO - ************* Test_006 *************
2022-09-21 20:58:19,520 - root - INFO - ************* Verifying Logout *************
2022-09-21 20:58:19,520 - root - INFO - ************* Verifying Logout *************
2022-09-21 20:58:19,520 - root - INFO - ************* Verifying Logout *************
2022-09-21 21:00:32,377 - root - INFO - ************* Test_006 *************
2022-09-21 21:00:32,377 - root - INFO - ************* Test_006 *************
2022-09-21 21:00:32,377 - root - INFO - ************* Test_006 *************
2022-09-21 21:00:32,377 - root - INFO - ************* Verifying Logout *************
2022-09-21 21:00:32,377 - root - INFO - ************* Verifying Logout *************
2022-09-21 21:00:32,377 - root - INFO - ************* Verifying Logout *************
2022-09-21 21:01:08,676 - root - INFO - ************* Logout test is PASSED *************
2022-09-21 21:01:08,676 - root - INFO - ************* Logout test is PASSED *************
2022-09-21 21:01:08,676 - root - INFO - ************* Logout test is PASSED *************
2022-09-21 21:01:08,676 - root - INFO - - - - - - - - - - -
2022-09-21 21:01:08,676 - root - INFO - - - - - - - - - - -
2022-09-21 21:01:08,676 - root - INFO - - - - - - - - - - -
2022-09-22 02:12:09,129 - root - INFO - ************* Test_002 *************
2022-09-22 02:12:09,129 - root - INFO - ************* Test_002 *************
2022-09-22 02:12:09,129 - root - INFO - ************* Test_002 *************
2022-09-22 02:12:09,129 - root - INFO - ************* Test_002 *************
2022-09-22 02:12:09,129 - root - INFO - ************* Test_002 *************
2022-09-22 02:12:09,129 - root - INFO - ************* Test_002 *************
2022-09-22 02:12:09,129 - root - INFO - ************* Verifying SignUp *************
2022-09-22 02:12:09,129 - root - INFO - ************* Verifying SignUp *************
2022-09-22 02:12:09,129 - root - INFO - ************* Verifying SignUp *************
2022-09-22 02:12:09,129 - root - INFO - ************* Verifying SignUp *************
2022-09-22 02:12:09,129 - root - INFO - ************* Verifying SignUp *************
2022-09-22 02:12:09,129 - root - INFO - ************* Verifying SignUp *************
2022-09-22 02:12:27,869 - root - INFO - ************* Test_002 *************
2022-09-22 02:12:27,869 - root - INFO - ************* Test_002 *************
2022-09-22 02:12:27,869 - root - INFO - ************* Test_002 *************
2022-09-22 02:12:27,869 - root - INFO - ************* Test_002 *************
2022-09-22 02:12:27,869 - root - INFO - ************* Test_002 *************
2022-09-22 02:12:27,869 - root - INFO - ************* Test_002 *************
2022-09-22 02:12:27,869 - root - INFO - ************* Verifying SignUp *************
2022-09-22 02:12:27,869 - root - INFO - ************* Verifying SignUp *************
2022-09-22 02:12:27,869 - root - INFO - ************* Verifying SignUp *************
2022-09-22 02:12:27,869 - root - INFO - ************* Verifying SignUp *************
2022-09-22 02:12:27,869 - root - INFO - ************* Verifying SignUp *************
2022-09-22 02:12:27,869 - root - INFO - ************* Verifying SignUp *************
2022-09-22 02:12:35,827 - root - INFO - ************* Test_003 *************
2022-09-22 02:12:35,827 - root - INFO - ************* Test_003 *************
2022-09-22 02:12:35,827 - root - INFO - ************* Test_003 *************
2022-09-22 02:12:35,827 - root - INFO - ************* Test_003 *************
2022-09-22 02:12:35,827 - root - INFO - ************* Test_003 *************
2022-09-22 02:12:35,827 - root - INFO - ************* Test_003 *************
2022-09-22 02:12:35,827 - root - INFO - ************* Verifying SignIn *************
2022-09-22 02:12:35,827 - root - INFO - ************* Verifying SignIn *************
2022-09-22 02:12:35,827 - root - INFO - ************* Verifying SignIn *************
2022-09-22 02:12:35,827 - root - INFO - ************* Verifying SignIn *************
2022-09-22 02:12:35,827 - root - INFO - ************* Verifying SignIn *************
2022-09-22 02:12:35,827 - root - INFO - ************* Verifying SignIn *************
2022-09-22 02:12:44,970 - root - INFO - ************* Sign In test is PASSED *************
2022-09-22 02:12:44,970 - root - INFO - ************* Sign In test is PASSED *************
2022-09-22 02:12:44,970 - root - INFO - ************* Sign In test is PASSED *************
2022-09-22 02:12:44,970 - root - INFO - ************* Sign In test is PASSED *************
2022-09-22 02:12:44,970 - root - INFO - ************* Sign In test is PASSED *************
2022-09-22 02:12:44,970 - root - INFO - ************* Sign In test is PASSED *************
2022-09-22 02:12:44,971 - root - INFO - - - - - - - - - - -
2022-09-22 02:12:44,971 - root - INFO - - - - - - - - - - -
2022-09-22 02:12:44,971 - root - INFO - - - - - - - - - - -
2022-09-22 02:12:44,971 - root - INFO - - - - - - - - - - -
2022-09-22 02:12:44,971 - root - INFO - - - - - - - - - - -
2022-09-22 02:12:44,971 - root - INFO - - - - - - - - - - -
2022-09-22 02:12:57,065 - root - INFO - ************* Test_002 *************
2022-09-22 02:12:57,065 - root - INFO - ************* Test_002 *************
2022-09-22 02:12:57,065 - root - INFO - ************* Test_002 *************
2022-09-22 02:12:57,065 - root - INFO - ************* Test_002 *************
2022-09-22 02:12:57,065 - root - INFO - ************* Test_002 *************
2022-09-22 02:12:57,065 - root - INFO - ************* Test_002 *************
2022-09-22 02:12:57,065 - root - INFO - ************* Verifying SignUp *************
2022-09-22 02:12:57,065 - root - INFO - ************* Verifying SignUp *************
2022-09-22 02:12:57,065 - root - INFO - ************* Verifying SignUp *************
2022-09-22 02:12:57,065 - root - INFO - ************* Verifying SignUp *************
2022-09-22 02:12:57,065 - root - INFO - ************* Verifying SignUp *************
2022-09-22 02:12:57,065 - root - INFO - ************* Verifying SignUp *************
2022-09-22 02:13:30,977 - root - INFO - ************* Test_005 *************
2022-09-22 02:13:30,977 - root - INFO - ************* Test_005 *************
2022-09-22 02:13:30,977 - root - INFO - ************* Test_005 *************
2022-09-22 02:13:30,977 - root - INFO - ************* Test_005 *************
2022-09-22 02:13:30,977 - root - INFO - ************* Test_005 *************
2022-09-22 02:13:30,977 - root - INFO - ************* Test_005 *************
2022-09-22 02:13:30,977 - root - INFO - ************* Verifying Complete Shopping functionality *************
2022-09-22 02:13:30,977 - root - INFO - ************* Verifying Complete Shopping functionality *************
2022-09-22 02:13:30,977 - root - INFO - ************* Verifying Complete Shopping functionality *************
2022-09-22 02:13:30,977 - root - INFO - ************* Verifying Complete Shopping functionality *************
2022-09-22 02:13:30,977 - root - INFO - ************* Verifying Complete Shopping functionality *************
2022-09-22 02:13:30,977 - root - INFO - ************* Verifying Complete Shopping functionality *************
2022-09-22 02:13:36,097 - root - INFO - ************* Test_002 *************
2022-09-22 02:13:36,097 - root - INFO - ************* Test_002 *************
2022-09-22 02:13:36,097 - root - INFO - ************* Test_002 *************
2022-09-22 02:13:36,097 - root - INFO - ************* Test_002 *************
2022-09-22 02:13:36,097 - root - INFO - ************* Test_002 *************
2022-09-22 02:13:36,097 - root - INFO - ************* Test_002 *************
2022-09-22 02:13:36,097 - root - INFO - ************* Verifying SignUp *************
2022-09-22 02:13:36,097 - root - INFO - ************* Verifying SignUp *************
2022-09-22 02:13:36,097 - root - INFO - ************* Verifying SignUp *************
2022-09-22 02:13:36,097 - root - INFO - ************* Verifying SignUp *************
2022-09-22 02:13:36,097 - root - INFO - ************* Verifying SignUp *************
2022-09-22 02:13:36,097 - root - INFO - ************* Verifying SignUp *************
2022-09-22 02:13:39,028 - root - INFO - ************* Test_003 *************
2022-09-22 02:13:39,028 - root - INFO - ************* Test_003 *************
2022-09-22 02:13:39,028 - root - INFO - ************* Test_003 *************
2022-09-22 02:13:39,028 - root - INFO - ************* Test_003 *************
2022-09-22 02:13:39,028 - root - INFO - ************* Test_003 *************
2022-09-22 02:13:39,028 - root - INFO - ************* Test_003 *************
2022-09-22 02:13:39,029 - root - INFO - ************* Verifying SignIn *************
2022-09-22 02:13:39,029 - root - INFO - ************* Verifying SignIn *************
2022-09-22 02:13:39,029 - root - INFO - ************* Verifying SignIn *************
2022-09-22 02:13:39,029 - root - INFO - ************* Verifying SignIn *************
2022-09-22 02:13:39,029 - root - INFO - ************* Verifying SignIn *************
2022-09-22 02:13:39,029 - root - INFO - ************* Verifying SignIn *************
2022-09-22 02:13:41,154 - root - INFO - ************* Test_006 *************
2022-09-22 02:13:41,154 - root - INFO - ************* Test_006 *************
2022-09-22 02:13:41,154 - root - INFO - ************* Test_006 *************
2022-09-22 02:13:41,154 - root - INFO - ************* Test_006 *************
2022-09-22 02:13:41,154 - root - INFO - ************* Test_006 *************
2022-09-22 02:13:41,154 - root - INFO - ************* Test_006 *************
2022-09-22 02:13:41,154 - root - INFO - ************* Verifying Logout *************
2022-09-22 02:13:41,154 - root - INFO - ************* Verifying Logout *************
2022-09-22 02:13:41,154 - root - INFO - ************* Verifying Logout *************
2022-09-22 02:13:41,154 - root - INFO - ************* Verifying Logout *************
2022-09-22 02:13:41,154 - root - INFO - ************* Verifying Logout *************
2022-09-22 02:13:41,154 - root - INFO - ************* Verifying Logout *************
2022-09-22 11:32:06,558 - root - INFO - ************* Test_002 *************
2022-09-22 11:32:06,558 - root - INFO - ************* Test_002 *************
2022-09-22 11:32:06,558 - root - INFO - ************* Test_002 *************
2022-09-22 11:32:06,558 - root - INFO - ************* Test_002 *************
2022-09-22 11:32:06,558 - root - INFO - ************* Test_002 *************
2022-09-22 11:32:06,558 - root - INFO - ************* Test_002 *************
2022-09-22 11:32:06,558 - root - INFO - ************* Verifying SignUp *************
2022-09-22 11:32:06,558 - root - INFO - ************* Verifying SignUp *************
2022-09-22 11:32:06,558 - root - INFO - ************* Verifying SignUp *************
2022-09-22 11:32:06,558 - root - INFO - ************* Verifying SignUp *************
2022-09-22 11:32:06,558 - root - INFO - ************* Verifying SignUp *************
2022-09-22 11:32:06,558 - root - INFO - ************* Verifying SignUp *************
2022-09-22 11:32:38,288 - root - INFO - ************* Sign up test is PASSED *************
2022-09-22 11:32:38,288 - root - INFO - ************* Sign up test is PASSED *************
2022-09-22 11:32:38,288 - root - INFO - ************* Sign up test is PASSED *************
2022-09-22 11:32:38,288 - root - INFO - ************* Sign up test is PASSED *************
2022-09-22 11:32:38,288 - root - INFO - ************* Sign up test is PASSED *************
2022-09-22 11:32:38,288 - root - INFO - ************* Sign up test is PASSED *************
2022-09-22 11:32:38,288 - root - INFO - - - - - - - - - - -
2022-09-22 11:32:38,288 - root - INFO - - - - - - - - - - -
2022-09-22 11:32:38,288 - root - INFO - - - - - - - - - - -
2022-09-22 11:32:38,288 - root - INFO - - - - - - - - - - -
2022-09-22 11:32:38,288 - root - INFO - - - - - - - - - - -
2022-09-22 11:32:38,288 - root - INFO - - - - - - - - - - -
2022-09-22 11:32:39,384 - root - INFO - ************* Test_002 *************
2022-09-22 11:32:39,384 - root - INFO - ************* Test_002 *************
2022-09-22 11:32:39,384 - root - INFO - ************* Test_002 *************
2022-09-22 11:32:39,384 - root - INFO - ************* Test_002 *************
2022-09-22 11:32:39,384 - root - INFO - ************* Test_002 *************
2022-09-22 11:32:39,384 - root - INFO - ************* Test_002 *************
2022-09-22 11:32:39,384 - root - INFO - ************* Verifying SignUp *************
2022-09-22 11:32:39,384 - root - INFO - ************* Verifying SignUp *************
2022-09-22 11:32:39,384 - root - INFO - ************* Verifying SignUp *************
2022-09-22 11:32:39,384 - root - INFO - ************* Verifying SignUp *************
2022-09-22 11:32:39,384 - root - INFO - ************* Verifying SignUp *************
2022-09-22 11:32:39,384 - root - INFO - ************* Verifying SignUp *************
2022-09-22 11:33:05,989 - root - INFO - ************* Test_003 *************
2022-09-22 11:33:05,989 - root - INFO - ************* Test_003 *************
2022-09-22 11:33:05,989 - root - INFO - ************* Test_003 *************
2022-09-22 11:33:05,989 - root - INFO - ************* Test_003 *************
2022-09-22 11:33:05,989 - root - INFO - ************* Test_003 *************
2022-09-22 11:33:05,989 - root - INFO - ************* Test_003 *************
2022-09-22 11:33:05,990 - root - INFO - ************* Verifying SignIn *************
2022-09-22 11:33:05,990 - root - INFO - ************* Verifying SignIn *************
2022-09-22 11:33:05,990 - root - INFO - ************* Verifying SignIn *************
2022-09-22 11:33:05,990 - root - INFO - ************* Verifying SignIn *************
2022-09-22 11:33:05,990 - root - INFO - ************* Verifying SignIn *************
2022-09-22 11:33:05,990 - root - INFO - ************* Verifying SignIn *************
2022-09-22 11:33:24,183 - root - INFO - ************* Sign In test is PASSED *************
2022-09-22 11:33:24,183 - root - INFO - ************* Sign In test is PASSED *************
2022-09-22 11:33:24,183 - root - INFO - ************* Sign In test is PASSED *************
2022-09-22 11:33:24,183 - root - INFO - ************* Sign In test is PASSED *************
2022-09-22 11:33:24,183 - root - INFO - ************* Sign In test is PASSED *************
2022-09-22 11:33:24,183 - root - INFO - ************* Sign In test is PASSED *************
2022-09-22 11:33:24,183 - root - INFO - - - - - - - - - - -
2022-09-22 11:33:24,183 - root - INFO - - - - - - - - - - -
2022-09-22 11:33:24,183 - root - INFO - - - - - - - - - - -
2022-09-22 11:33:24,183 - root - INFO - - - - - - - - - - -
2022-09-22 11:33:24,183 - root - INFO - - - - - - - - - - -
2022-09-22 11:33:24,183 - root - INFO - - - - - - - - - - -
2022-09-22 11:33:39,173 - root - INFO - ************* Test_002 *************
2022-09-22 11:33:39,173 - root - INFO - ************* Test_002 *************
2022-09-22 11:33:39,173 - root - INFO - ************* Test_002 *************
2022-09-22 11:33:39,173 - root - INFO - ************* Test_002 *************
2022-09-22 11:33:39,173 - root - INFO - ************* Test_002 *************
2022-09-22 11:33:39,173 - root - INFO - ************* Test_002 *************
2022-09-22 11:33:39,173 - root - INFO - ************* Verifying SignUp *************
2022-09-22 11:33:39,173 - root - INFO - ************* Verifying SignUp *************
2022-09-22 11:33:39,173 - root - INFO - ************* Verifying SignUp *************
2022-09-22 11:33:39,173 - root - INFO - ************* Verifying SignUp *************
2022-09-22 11:33:39,173 - root - INFO - ************* Verifying SignUp *************
2022-09-22 11:33:39,173 - root - INFO - ************* Verifying SignUp *************
2022-09-22 11:34:16,001 - root - INFO - ************* Test_005 *************
2022-09-22 11:34:16,001 - root - INFO - ************* Test_005 *************
2022-09-22 11:34:16,001 - root - INFO - ************* Test_005 *************
2022-09-22 11:34:16,001 - root - INFO - ************* Test_005 *************
2022-09-22 11:34:16,001 - root - INFO - ************* Test_005 *************
2022-09-22 11:34:16,001 - root - INFO - ************* Test_005 *************
2022-09-22 11:34:16,001 - root - INFO - ************* Verifying Complete Shopping functionality *************
2022-09-22 11:34:16,001 - root - INFO - ************* Verifying Complete Shopping functionality *************
2022-09-22 11:34:16,001 - root - INFO - ************* Verifying Complete Shopping functionality *************
2022-09-22 11:34:16,001 - root - INFO - ************* Verifying Complete Shopping functionality *************
2022-09-22 11:34:16,001 - root - INFO - ************* Verifying Complete Shopping functionality *************
2022-09-22 11:34:16,001 - root - INFO - ************* Verifying Complete Shopping functionality *************
2022-09-22 11:35:57,495 - root - INFO - ************* Shopping test 005 is PASSED *************
2022-09-22 11:35:57,495 - root - INFO - ************* Shopping test 005 is PASSED *************
2022-09-22 11:35:57,495 - root - INFO - ************* Shopping test 005 is PASSED *************
2022-09-22 11:35:57,495 - root - INFO - ************* Shopping test 005 is PASSED *************
2022-09-22 11:35:57,495 - root - INFO - ************* Shopping test 005 is PASSED *************
2022-09-22 11:35:57,495 - root - INFO - ************* Shopping test 005 is PASSED *************
2022-09-22 11:35:57,496 - root - INFO - - - - - - - - - - -
2022-09-22 11:35:57,496 - root - INFO - - - - - - - - - - -
2022-09-22 11:35:57,496 - root - INFO - - - - - - - - - - -
2022-09-22 11:35:57,496 - root - INFO - - - - - - - - - - -
2022-09-22 11:35:57,496 - root - INFO - - - - - - - - - - -
2022-09-22 11:35:57,496 - root - INFO - - - - - - - - - - -
2022-09-22 11:35:58,590 - root - INFO - ************* Test_002 *************
2022-09-22 11:35:58,590 - root - INFO - ************* Test_002 *************
2022-09-22 11:35:58,590 - root - INFO - ************* Test_002 *************
2022-09-22 11:35:58,590 - root - INFO - ************* Test_002 *************
2022-09-22 11:35:58,590 - root - INFO - ************* Test_002 *************
2022-09-22 11:35:58,590 - root - INFO - ************* Test_002 *************
2022-09-22 11:35:58,591 - root - INFO - ************* Verifying SignUp *************
2022-09-22 11:35:58,591 - root - INFO - ************* Verifying SignUp *************
2022-09-22 11:35:58,591 - root - INFO - ************* Verifying SignUp *************
2022-09-22 11:35:58,591 - root - INFO - ************* Verifying SignUp *************
2022-09-22 11:35:58,591 - root - INFO - ************* Verifying SignUp *************
2022-09-22 11:35:58,591 - root - INFO - ************* Verifying SignUp *************
2022-09-22 11:36:26,687 - root - INFO - ************* Test_003 *************
2022-09-22 11:36:26,687 - root - INFO - ************* Test_003 *************
2022-09-22 11:36:26,687 - root - INFO - ************* Test_003 *************
2022-09-22 11:36:26,687 - root - INFO - ************* Test_003 *************
2022-09-22 11:36:26,687 - root - INFO - ************* Test_003 *************
2022-09-22 11:36:26,687 - root - INFO - ************* Test_003 *************
2022-09-22 11:36:26,687 - root - INFO - ************* Verifying SignIn *************
2022-09-22 11:36:26,687 - root - INFO - ************* Verifying SignIn *************
2022-09-22 11:36:26,687 - root - INFO - ************* Verifying SignIn *************
2022-09-22 11:36:26,687 - root - INFO - ************* Verifying SignIn *************
2022-09-22 11:36:26,687 - root - INFO - ************* Verifying SignIn *************
2022-09-22 11:36:26,687 - root - INFO - ************* Verifying SignIn *************
2022-09-22 11:36:38,135 - root - INFO - ************* Test_006 *************
2022-09-22 11:36:38,135 - root - INFO - ************* Test_006 *************
2022-09-22 11:36:38,135 - root - INFO - ************* Test_006 *************
2022-09-22 11:36:38,135 - root - INFO - ************* Test_006 *************
2022-09-22 11:36:38,135 - root - INFO - ************* Test_006 *************
2022-09-22 11:36:38,135 - root - INFO - ************* Test_006 *************
2022-09-22 11:36:38,136 - root - INFO - ************* Verifying Logout *************
2022-09-22 11:36:38,136 - root - INFO - ************* Verifying Logout *************
2022-09-22 11:36:38,136 - root - INFO - ************* Verifying Logout *************
2022-09-22 11:36:38,136 - root - INFO - ************* Verifying Logout *************
2022-09-22 11:36:38,136 - root - INFO - ************* Verifying Logout *************
2022-09-22 11:36:38,136 - root - INFO - ************* Verifying Logout *************
2022-09-22 11:37:32,475 - root - INFO - ************* Logout test is PASSED *************
2022-09-22 11:37:32,475 - root - INFO - ************* Logout test is PASSED *************
2022-09-22 11:37:32,475 - root - INFO - ************* Logout test is PASSED *************
2022-09-22 11:37:32,475 - root - INFO - ************* Logout test is PASSED *************
2022-09-22 11:37:32,475 - root - INFO - ************* Logout test is PASSED *************
2022-09-22 11:37:32,475 - root - INFO - ************* Logout test is PASSED *************
2022-09-22 11:37:32,475 - root - INFO - - - - - - - - - - -
2022-09-22 11:37:32,475 - root - INFO - - - - - - - - - - -
2022-09-22 11:37:32,475 - root - INFO - - - - - - - - - - -
2022-09-22 11:37:32,475 - root - INFO - - - - - - - - - - -
2022-09-22 11:37:32,475 - root - INFO - - - - - - - - - - -
2022-09-22 11:37:32,475 - root - INFO - - - - - - - - - - -
2022-09-22 14:34:23,678 - root - INFO - ************* Test_002 *************
2022-09-22 14:34:23,678 - root - INFO - ************* Verifying SignUp *************
2022-09-22 14:34:40,277 - root - INFO - ************* Sign up test is PASSED *************
2022-09-22 14:34:40,277 - root - INFO - - - - - - - - - - -
2022-09-22 14:34:59,809 - root - INFO - ************* Test_003 *************
2022-09-22 14:34:59,809 - root - INFO - ************* Test_003 *************
2022-09-22 14:34:59,809 - root - INFO - ************* Verifying SignIn *************
2022-09-22 14:34:59,809 - root - INFO - ************* Verifying SignIn *************
2022-09-22 14:36:04,639 - root - INFO - ************* Test_003 *************
2022-09-22 14:36:04,639 - root - INFO - ************* Test_003 *************
2022-09-22 14:36:04,639 - root - INFO - ************* Verifying SignIn *************
2022-09-22 14:36:04,639 - root - INFO - ************* Verifying SignIn *************
2022-09-22 14:36:15,042 - root - INFO - ************* Sign In test is PASSED *************
2022-09-22 14:36:15,042 - root - INFO - ************* Sign In test is PASSED *************
2022-09-22 14:36:15,042 - root - INFO - - - - - - - - - - -
2022-09-22 14:36:15,042 - root - INFO - - - - - - - - - - -
